Currently Loaded Modulefiles:
 1) profile/base(default)                     18) pigz/2.7-bopr5vp <aL>              
 2) cintools/1.0                              19) zstd/1.5.5-gawytfl <aL>            
 3) nghttp2/1.57.0-wcc3jen <aL>               20) tar/1.34-amqus5s <aL>              
 4) zlib-ng/2.1.4-6htiapk <aL>                21) gettext/0.22.3-2g7elif <aL>        
 5) curl/8.4.0 <aL>                           22) libunistring/1.1-rmbdvrt <aL>      
 6) ncurses/6.4-asx3jea <aL>                  23) libidn2/2.3.4-yyaeem5 <aL>         
 7) cmake/3.27.7                              24) krb5/1.20.1-oa3t6lk <aL>           
 8) nvhpc/24.3                                25) libedit/3.1-20210216-wpxbb7e <aL>  
 9) openmpi/4.1.6--nvhpc--24.3 <aL>           26) libxcrypt/4.4.35-ss2rzin <aL>      
10) fftw/3.3.10--openmpi--4.1.6--nvhpc--24.3  27) openssh/9.5p1-lkluopp <aL>         
11) libmd/1.0.4-wja3f5q <aL>                  28) pcre2/10.42-mys6gxx <aL>           
12) libbsd/0.11.7-cgxjopl <aL>                29) berkeley-db/18.1.40-vyyao2c <aL>   
13) expat/2.5.0-bptl3xw <aL>                  30) readline/8.2-nyw6mp6 <aL>          
14) bzip2/1.0.8-gp5wcz5 <aL>                  31) gdbm/1.23-fs6otck <aL>             
15) libiconv/1.17-d7yvx2s <aL>                32) perl/5.38.0--gcc--8.5.0 <aL>       
16) xz/5.4.1-hubmwr5 <aL>                     33) git/2.42.0                         
17) libxml2/2.10.3-5eeeokp <aL>               

Key:
(symbolic-version)  <module-tag>  <aL>=auto-loaded  
